Using pre-set license
Built from '2020.3/staging' branch; Version is '2020.3.19f1 (68f137dc9bbe) revision 6877495'; Using compiler version '192528614'; Build Type 'Release'
OS: 'Windows 10 Home; OS build 22000.613; Version 2009; 64bit' Language: 'en' Physical Memory: 12069 MB
BatchMode: 1, IsHumanControllingUs: 0, StartBugReporterOnCrash: 0, Is64bit: 1, IsPro: 0

COMMAND LINE ARGUMENTS:
C:\Program Files\Unity\Hub\Editor\2020.3.19f1\Editor\Unity.exe
-adb2
-batchMode
-noUpm
-name
AssetImportWorker0
-projectPath
C:/Users/skyle/Desktop/College/Independant Study/ART-MVP
-logFile
Logs/AssetImportWorker0.log
-srvPort
54303
Successfully changed project path to: C:/Users/skyle/Desktop/College/Independant Study/ART-MVP
C:/Users/skyle/Desktop/College/Independant Study/ART-MVP
Using Asset Import Pipeline V2.
Refreshing native plugins compatible for Editor in 104.25 ms, found 3 plugins.
Preloading 0 native plugins for Editor in 0.00 ms.
Initialize engine version: 2020.3.19f1 (68f137dc9bbe)
[Subsystems] Discovering subsystems at path C:/Program Files/Unity/Hub/Editor/2020.3.19f1/Editor/Data/Resources/UnitySubsystems
[Subsystems] Discovering subsystems at path C:/Users/skyle/Desktop/College/Independant Study/ART-MVP/Assets
GfxDevice: creating device client; threaded=0
Direct3D:
    Version:  Direct3D 11.0 [level 11.1]
    Renderer: Intel(R) Iris(R) Plus Graphics (ID=0x8a52)
    Vendor:   
    VRAM:     6034 MB
    Driver:   27.20.100.9664
Initialize mono
Mono path[0] = 'C:/Program Files/Unity/Hub/Editor/2020.3.19f1/Editor/Data/Managed'
Mono path[1] = 'C:/Program Files/Unity/Hub/Editor/2020.3.19f1/Editor/Data/MonoBleedingEdge/lib/mono/unityjit'
Mono config path = 'C:/Program Files/Unity/Hub/Editor/2020.3.19f1/Editor/Data/MonoBleedingEdge/etc'
Using monoOptions --debugger-agent=transport=dt_socket,embedding=1,server=y,suspend=n,address=127.0.0.1:56672
Begin MonoManager ReloadAssembly
Registering precompiled unity dll's ...
Register platform support module: C:/Program Files/Unity/Hub/Editor/2020.3.19f1/Editor/Data/PlaybackEngines/WebGLSupport/UnityEditor.WebGL.Extensions.dll
Register platform support module: C:/Program Files/Unity/Hub/Editor/2020.3.19f1/Editor/Data/PlaybackEngines/WindowsStandaloneSupport/UnityEditor.WindowsStandalone.Extensions.dll
Registered in 0.003448 seconds.
Native extension for WindowsStandalone target not found
Native extension for WebGL target not found
Refreshing native plugins compatible for Editor in 149.20 ms, found 3 plugins.
Preloading 0 native plugins for Editor in 0.00 ms.
Mono: successfully reloaded assembly
- Completed reload, in  4.345 seconds
Domain Reload Profiling:
	ReloadAssembly (4345ms)
		BeginReloadAssembly (94ms)
			ExecutionOrderSort (0ms)
			DisableScriptedObjects (0ms)
			BackupInstance (0ms)
			ReleaseScriptingObjects (0ms)
			CreateAndSetChildDomain (1ms)
		EndReloadAssembly (909ms)
			LoadAssemblies (90ms)
			RebuildTransferFunctionScriptingTraits (0ms)
			SetupTypeCache (236ms)
			ReleaseScriptCaches (0ms)
			RebuildScriptCaches (74ms)
			SetupLoadedEditorAssemblies (471ms)
				LogAssemblyErrors (0ms)
				InitializePlatformSupportModulesInManaged (12ms)
				SetLoadedEditorAssemblies (0ms)
				RefreshPlugins (149ms)
				BeforeProcessingInitializeOnLoad (29ms)
				ProcessInitializeOnLoadAttributes (159ms)
				ProcessInitializeOnLoadMethodAttributes (120ms)
				AfterProcessingInitializeOnLoad (0ms)
				EditorAssembliesLoaded (1ms)
			ExecutionOrderSort2 (0ms)
			AwakeInstancesAfterBackupRestoration (0ms)
Platform modules already initialized, skipping
Registering precompiled user dll's ...
Registered in 0.015996 seconds.
Begin MonoManager ReloadAssembly
Native extension for WindowsStandalone target not found
Native extension for WebGL target not found
Refreshing native plugins compatible for Editor in 315.42 ms, found 3 plugins.
Preloading 0 native plugins for Editor in 0.00 ms.
Mono: successfully reloaded assembly
- Completed reload, in  4.484 seconds
Domain Reload Profiling:
	ReloadAssembly (4488ms)
		BeginReloadAssembly (526ms)
			ExecutionOrderSort (0ms)
			DisableScriptedObjects (21ms)
			BackupInstance (0ms)
			ReleaseScriptingObjects (0ms)
			CreateAndSetChildDomain (47ms)
		EndReloadAssembly (3719ms)
			LoadAssemblies (377ms)
			RebuildTransferFunctionScriptingTraits (0ms)
			SetupTypeCache (1336ms)
			ReleaseScriptCaches (1ms)
			RebuildScriptCaches (151ms)
			SetupLoadedEditorAssemblies (1423ms)
				LogAssemblyErrors (0ms)
				InitializePlatformSupportModulesInManaged (16ms)
				SetLoadedEditorAssemblies (1ms)
				RefreshPlugins (316ms)
				BeforeProcessingInitializeOnLoad (307ms)
				ProcessInitializeOnLoadAttributes (744ms)
				ProcessInitializeOnLoadMethodAttributes (26ms)
				AfterProcessingInitializeOnLoad (13ms)
				EditorAssembliesLoaded (0ms)
			ExecutionOrderSort2 (0ms)
			AwakeInstancesAfterBackupRestoration (21ms)
Platform modules already initialized, skipping
========================================================================
Worker process is ready to serve import requests
Launched and connected shader compiler UnityShaderCompiler.exe after 0.10 seconds
Refreshing native plugins compatible for Editor in 1.17 ms, found 3 plugins.
Preloading 0 native plugins for Editor in 0.00 ms.
Unloading 3061 Unused Serialized files (Serialized files now loaded: 0)
System memory in use before: 135.1 MB.
System memory in use after: 135.3 MB.

Unloading 22 unused Assets to reduce memory usage. Loaded Objects now: 3497.
Total: 8.969800 ms (FindLiveObjects: 0.907100 ms CreateObjectMapping: 0.401900 ms MarkObjects: 7.445600 ms  DeleteObjects: 0.212900 ms)

AssetImportParameters requested are different than current active one (requested -> active):
  custom:framework-win-MediaFoundation: 216162199b28c13a410421893ffa2e32 -> 
  custom:video-decoder-ogg-theora: a1e56fd34408186e4bbccfd4996cb3dc -> 
  custom:container-muxer-webm: aa71ff27fc2769a1b78a27578f13a17b -> 
  custom:container-demuxer-webm: 4f35f7cbe854078d1ac9338744f61a02 -> 
  custom:container-demuxer-ogg: 62fdf1f143b41e24485cea50d1cbac27 -> 
  custom:video-encoder-webm-vp8: eb34c28f22e8b96e1ab97ce403110664 -> 
  custom:video-codec-MediaFoundation-h265: 746d11721c4dcdbdad8f713fa42b33f4 -> 
  custom:video-decoder-webm-vp8: 9c59270c3fd7afecdb556c50c9e8de78 -> 
  custom:audio-decoder-ogg-vorbis: bf7c407c2cedff20999df2af8eb42d56 -> 
  custom:audio-encoder-webm-vorbis: bf7c407c2cedff20999df2af8eb42d56 -> 
========================================================================
Received Import Request.
  path: Assets/A-Source Code/Player Scripts/Equipment Scripts/PDW.cs
  artifactKey: Guid(f15bb87c2a9056343855217d117565d2) Importer(815301076,1909f56bfc062723c751e8b465ee728b)
Start importing Assets/A-Source Code/Player Scripts/Equipment Scripts/PDW.cs using Guid(f15bb87c2a9056343855217d117565d2) Importer(815301076,1909f56bfc062723c751e8b465ee728b)  -> (artifact id: '0aebd44c68609aa82f20572824084c99') in 0.091412 seconds 
  Import took 0.112091 seconds .

========================================================================
Received Import Request.
  Time since last request: 32.102575 seconds.
  path: Assets/A-Source Code/Player Scripts/Equipment Scripts/PDW.cs
  artifactKey: Guid(f15bb87c2a9056343855217d117565d2) Importer(815301076,1909f56bfc062723c751e8b465ee728b)
Start importing Assets/A-Source Code/Player Scripts/Equipment Scripts/PDW.cs using Guid(f15bb87c2a9056343855217d117565d2) Importer(815301076,1909f56bfc062723c751e8b465ee728b)  -> (artifact id: '8119897e3b283174b3b3e914a6001669') in 0.016145 seconds 
  Import took 0.034834 seconds .

========================================================================
Received Import Request.
  Time since last request: 13.906151 seconds.
  path: Assets/A-Source Code/Player Scripts/Equipment Scripts/PDW.cs
  artifactKey: Guid(f15bb87c2a9056343855217d117565d2) Importer(815301076,1909f56bfc062723c751e8b465ee728b)
Start importing Assets/A-Source Code/Player Scripts/Equipment Scripts/PDW.cs using Guid(f15bb87c2a9056343855217d117565d2) Importer(815301076,1909f56bfc062723c751e8b465ee728b)  -> (artifact id: '7af73c56558ef6729e949914008e63c4') in 0.008879 seconds 
  Import took 0.019566 seconds .

========================================================================
Received Prepare
Registering precompiled user dll's ...
Registered in 0.016937 seconds.
Begin MonoManager ReloadAssembly
Native extension for WindowsStandalone target not found
Native extension for WebGL target not found
Refreshing native plugins compatible for Editor in 2.50 ms, found 3 plugins.
Preloading 0 native plugins for Editor in 0.00 ms.
Mono: successfully reloaded assembly
- Completed reload, in  3.994 seconds
Domain Reload Profiling:
	ReloadAssembly (3996ms)
		BeginReloadAssembly (464ms)
			ExecutionOrderSort (0ms)
			DisableScriptedObjects (21ms)
			BackupInstance (0ms)
			ReleaseScriptingObjects (0ms)
			CreateAndSetChildDomain (146ms)
		EndReloadAssembly (3197ms)
			LoadAssemblies (396ms)
			RebuildTransferFunctionScriptingTraits (0ms)
			SetupTypeCache (1490ms)
			ReleaseScriptCaches (5ms)
			RebuildScriptCaches (206ms)
			SetupLoadedEditorAssemblies (573ms)
				LogAssemblyErrors (0ms)
				InitializePlatformSupportModulesInManaged (24ms)
				SetLoadedEditorAssemblies (2ms)
				RefreshPlugins (3ms)
				BeforeProcessingInitializeOnLoad (190ms)
				ProcessInitializeOnLoadAttributes (340ms)
				ProcessInitializeOnLoadMethodAttributes (6ms)
				AfterProcessingInitializeOnLoad (8ms)
				EditorAssembliesLoaded (0ms)
			ExecutionOrderSort2 (0ms)
			AwakeInstancesAfterBackupRestoration (17ms)
Platform modules already initialized, skipping
Refreshing native plugins compatible for Editor in 0.85 ms, found 3 plugins.
Preloading 0 native plugins for Editor in 0.00 ms.
Unloading 2944 Unused Serialized files (Serialized files now loaded: 0)
System memory in use before: 127.2 MB.
System memory in use after: 127.5 MB.

Unloading 15 unused Assets to reduce memory usage. Loaded Objects now: 3500.
Total: 5.461800 ms (FindLiveObjects: 0.283300 ms CreateObjectMapping: 0.155200 ms MarkObjects: 4.985300 ms  DeleteObjects: 0.036300 ms)

AssetImportParameters requested are different than current active one (requested -> active):
  custom:framework-win-MediaFoundation: 216162199b28c13a410421893ffa2e32 -> 
  custom:video-decoder-ogg-theora: a1e56fd34408186e4bbccfd4996cb3dc -> 
  custom:container-muxer-webm: aa71ff27fc2769a1b78a27578f13a17b -> 
  custom:container-demuxer-webm: 4f35f7cbe854078d1ac9338744f61a02 -> 
  custom:container-demuxer-ogg: 62fdf1f143b41e24485cea50d1cbac27 -> 
  custom:video-encoder-webm-vp8: eb34c28f22e8b96e1ab97ce403110664 -> 
  custom:video-codec-MediaFoundation-h265: 746d11721c4dcdbdad8f713fa42b33f4 -> 
  custom:video-decoder-webm-vp8: 9c59270c3fd7afecdb556c50c9e8de78 -> 
  custom:audio-decoder-ogg-vorbis: bf7c407c2cedff20999df2af8eb42d56 -> 
  custom:audio-encoder-webm-vorbis: bf7c407c2cedff20999df2af8eb42d56 -> 
========================================================================
Received Import Request.
  Time since last request: 61.629433 seconds.
  path: Assets/C-Unity Assets/Animations/Anim_Flash.anim
  artifactKey: Guid(8a9ea56f2e5ca97459e115f1f68bd0f9) Importer(815301076,1909f56bfc062723c751e8b465ee728b)
Start importing Assets/C-Unity Assets/Animations/Anim_Flash.anim using Guid(8a9ea56f2e5ca97459e115f1f68bd0f9) Importer(815301076,1909f56bfc062723c751e8b465ee728b)  -> (artifact id: 'bd422f12b5ec9f19217150600271e3af') in 0.056106 seconds 
  Import took 0.067769 seconds .

========================================================================
Received Import Request.
  Time since last request: 22.840711 seconds.
  path: Assets/C-Unity Assets/Animations/Anim_Flash.anim
  artifactKey: Guid(8a9ea56f2e5ca97459e115f1f68bd0f9) Importer(815301076,1909f56bfc062723c751e8b465ee728b)
Start importing Assets/C-Unity Assets/Animations/Anim_Flash.anim using Guid(8a9ea56f2e5ca97459e115f1f68bd0f9) Importer(815301076,1909f56bfc062723c751e8b465ee728b)  -> (artifact id: 'bfa14af0cc0722eb82e300761303c5af') in 0.009071 seconds 
  Import took 0.018780 seconds .

========================================================================
Received Prepare
Registering precompiled user dll's ...
Registered in 0.016099 seconds.
Begin MonoManager ReloadAssembly
Native extension for WindowsStandalone target not found
Native extension for WebGL target not found
Refreshing native plugins compatible for Editor in 0.99 ms, found 3 plugins.
Preloading 0 native plugins for Editor in 0.00 ms.
Mono: successfully reloaded assembly
- Completed reload, in  4.237 seconds
Domain Reload Profiling:
	ReloadAssembly (4238ms)
		BeginReloadAssembly (318ms)
			ExecutionOrderSort (0ms)
			DisableScriptedObjects (11ms)
			BackupInstance (0ms)
			ReleaseScriptingObjects (0ms)
			CreateAndSetChildDomain (87ms)
		EndReloadAssembly (3644ms)
			LoadAssemblies (351ms)
			RebuildTransferFunctionScriptingTraits (0ms)
			SetupTypeCache (1443ms)
			ReleaseScriptCaches (4ms)
			RebuildScriptCaches (159ms)
			SetupLoadedEditorAssemblies (1341ms)
				LogAssemblyErrors (0ms)
				InitializePlatformSupportModulesInManaged (17ms)
				SetLoadedEditorAssemblies (1ms)
				RefreshPlugins (1ms)
				BeforeProcessingInitializeOnLoad (408ms)
				ProcessInitializeOnLoadAttributes (885ms)
				ProcessInitializeOnLoadMethodAttributes (10ms)
				AfterProcessingInitializeOnLoad (18ms)
				EditorAssembliesLoaded (0ms)
			ExecutionOrderSort2 (0ms)
			AwakeInstancesAfterBackupRestoration (29ms)
Platform modules already initialized, skipping
Refreshing native plugins compatible for Editor in 1.60 ms, found 3 plugins.
Preloading 0 native plugins for Editor in 0.00 ms.
Unloading 2944 Unused Serialized files (Serialized files now loaded: 0)
System memory in use before: 127.3 MB.
System memory in use after: 127.5 MB.

Unloading 15 unused Assets to reduce memory usage. Loaded Objects now: 3503.
Total: 9.430700 ms (FindLiveObjects: 1.902600 ms CreateObjectMapping: 0.344900 ms MarkObjects: 7.108500 ms  DeleteObjects: 0.070600 ms)

AssetImportParameters requested are different than current active one (requested -> active):
  custom:framework-win-MediaFoundation: 216162199b28c13a410421893ffa2e32 -> 
  custom:video-decoder-ogg-theora: a1e56fd34408186e4bbccfd4996cb3dc -> 
  custom:container-muxer-webm: aa71ff27fc2769a1b78a27578f13a17b -> 
  custom:container-demuxer-webm: 4f35f7cbe854078d1ac9338744f61a02 -> 
  custom:container-demuxer-ogg: 62fdf1f143b41e24485cea50d1cbac27 -> 
  custom:video-encoder-webm-vp8: eb34c28f22e8b96e1ab97ce403110664 -> 
  custom:video-codec-MediaFoundation-h265: 746d11721c4dcdbdad8f713fa42b33f4 -> 
  custom:video-decoder-webm-vp8: 9c59270c3fd7afecdb556c50c9e8de78 -> 
  custom:audio-decoder-ogg-vorbis: bf7c407c2cedff20999df2af8eb42d56 -> 
  custom:audio-encoder-webm-vorbis: bf7c407c2cedff20999df2af8eb42d56 -> 
========================================================================
Received Prepare
Registering precompiled user dll's ...
Registered in 0.017819 seconds.
Begin MonoManager ReloadAssembly
Native extension for WindowsStandalone target not found
Native extension for WebGL target not found
Refreshing native plugins compatible for Editor in 2.15 ms, found 3 plugins.
Preloading 0 native plugins for Editor in 0.00 ms.
Mono: successfully reloaded assembly
- Completed reload, in  4.301 seconds
Domain Reload Profiling:
	ReloadAssembly (4302ms)
		BeginReloadAssembly (409ms)
			ExecutionOrderSort (0ms)
			DisableScriptedObjects (22ms)
			BackupInstance (0ms)
			ReleaseScriptingObjects (0ms)
			CreateAndSetChildDomain (114ms)
		EndReloadAssembly (3640ms)
			LoadAssemblies (380ms)
			RebuildTransferFunctionScriptingTraits (0ms)
			SetupTypeCache (1299ms)
			ReleaseScriptCaches (3ms)
			RebuildScriptCaches (177ms)
			SetupLoadedEditorAssemblies (1311ms)
				LogAssemblyErrors (0ms)
				InitializePlatformSupportModulesInManaged (25ms)
				SetLoadedEditorAssemblies (2ms)
				RefreshPlugins (2ms)
				BeforeProcessingInitializeOnLoad (391ms)
				ProcessInitializeOnLoadAttributes (850ms)
				ProcessInitializeOnLoadMethodAttributes (17ms)
				AfterProcessingInitializeOnLoad (24ms)
				EditorAssembliesLoaded (0ms)
			ExecutionOrderSort2 (0ms)
			AwakeInstancesAfterBackupRestoration (54ms)
Platform modules already initialized, skipping
Refreshing native plugins compatible for Editor in 1.62 ms, found 3 plugins.
Preloading 0 native plugins for Editor in 0.00 ms.
Unloading 2944 Unused Serialized files (Serialized files now loaded: 0)
System memory in use before: 127.3 MB.
System memory in use after: 127.6 MB.

Unloading 15 unused Assets to reduce memory usage. Loaded Objects now: 3506.
Total: 8.805800 ms (FindLiveObjects: 0.493300 ms CreateObjectMapping: 0.344900 ms MarkObjects: 7.894200 ms  DeleteObjects: 0.071500 ms)

AssetImportParameters requested are different than current active one (requested -> active):
  custom:framework-win-MediaFoundation: 216162199b28c13a410421893ffa2e32 -> 
  custom:video-decoder-ogg-theora: a1e56fd34408186e4bbccfd4996cb3dc -> 
  custom:container-muxer-webm: aa71ff27fc2769a1b78a27578f13a17b -> 
  custom:container-demuxer-webm: 4f35f7cbe854078d1ac9338744f61a02 -> 
  custom:container-demuxer-ogg: 62fdf1f143b41e24485cea50d1cbac27 -> 
  custom:video-encoder-webm-vp8: eb34c28f22e8b96e1ab97ce403110664 -> 
  custom:video-codec-MediaFoundation-h265: 746d11721c4dcdbdad8f713fa42b33f4 -> 
  custom:video-decoder-webm-vp8: 9c59270c3fd7afecdb556c50c9e8de78 -> 
  custom:audio-decoder-ogg-vorbis: bf7c407c2cedff20999df2af8eb42d56 -> 
  custom:audio-encoder-webm-vorbis: bf7c407c2cedff20999df2af8eb42d56 -> 
========================================================================
Received Prepare
Registering precompiled user dll's ...
Registered in 0.022078 seconds.
Begin MonoManager ReloadAssembly
Native extension for WindowsStandalone target not found
Native extension for WebGL target not found
Refreshing native plugins compatible for Editor in 1.47 ms, found 3 plugins.
Preloading 0 native plugins for Editor in 0.00 ms.
Mono: successfully reloaded assembly
- Completed reload, in  4.059 seconds
Domain Reload Profiling:
	ReloadAssembly (4061ms)
		BeginReloadAssembly (356ms)
			ExecutionOrderSort (0ms)
			DisableScriptedObjects (16ms)
			BackupInstance (0ms)
			ReleaseScriptingObjects (0ms)
			CreateAndSetChildDomain (108ms)
		EndReloadAssembly (3414ms)
			LoadAssemblies (379ms)
			RebuildTransferFunctionScriptingTraits (0ms)
			SetupTypeCache (1172ms)
			ReleaseScriptCaches (3ms)
			RebuildScriptCaches (185ms)
			SetupLoadedEditorAssemblies (1224ms)
				LogAssemblyErrors (0ms)
				InitializePlatformSupportModulesInManaged (24ms)
				SetLoadedEditorAssemblies (1ms)
				RefreshPlugins (2ms)
				BeforeProcessingInitializeOnLoad (349ms)
				ProcessInitializeOnLoadAttributes (802ms)
				ProcessInitializeOnLoadMethodAttributes (21ms)
				AfterProcessingInitializeOnLoad (24ms)
				EditorAssembliesLoaded (1ms)
			ExecutionOrderSort2 (0ms)
			AwakeInstancesAfterBackupRestoration (50ms)
Platform modules already initialized, skipping
Refreshing native plugins compatible for Editor in 1.57 ms, found 3 plugins.
Preloading 0 native plugins for Editor in 0.00 ms.
Unloading 2944 Unused Serialized files (Serialized files now loaded: 0)
System memory in use before: 127.3 MB.
System memory in use after: 127.6 MB.

Unloading 15 unused Assets to reduce memory usage. Loaded Objects now: 3509.
Total: 13.345400 ms (FindLiveObjects: 0.617900 ms CreateObjectMapping: 0.291100 ms MarkObjects: 12.355600 ms  DeleteObjects: 0.077500 ms)

AssetImportParameters requested are different than current active one (requested -> active):
  custom:framework-win-MediaFoundation: 216162199b28c13a410421893ffa2e32 -> 
  custom:video-decoder-ogg-theora: a1e56fd34408186e4bbccfd4996cb3dc -> 
  custom:container-muxer-webm: aa71ff27fc2769a1b78a27578f13a17b -> 
  custom:container-demuxer-webm: 4f35f7cbe854078d1ac9338744f61a02 -> 
  custom:container-demuxer-ogg: 62fdf1f143b41e24485cea50d1cbac27 -> 
  custom:video-encoder-webm-vp8: eb34c28f22e8b96e1ab97ce403110664 -> 
  custom:video-codec-MediaFoundation-h265: 746d11721c4dcdbdad8f713fa42b33f4 -> 
  custom:video-decoder-webm-vp8: 9c59270c3fd7afecdb556c50c9e8de78 -> 
  custom:audio-decoder-ogg-vorbis: bf7c407c2cedff20999df2af8eb42d56 -> 
  custom:audio-encoder-webm-vorbis: bf7c407c2cedff20999df2af8eb42d56 -> 
========================================================================
Received Prepare
Registering precompiled user dll's ...
Registered in 0.015443 seconds.
Begin MonoManager ReloadAssembly
Native extension for WindowsStandalone target not found
Native extension for WebGL target not found
Refreshing native plugins compatible for Editor in 0.56 ms, found 3 plugins.
Preloading 0 native plugins for Editor in 0.00 ms.
Mono: successfully reloaded assembly
- Completed reload, in  1.752 seconds
Domain Reload Profiling:
	ReloadAssembly (1753ms)
		BeginReloadAssembly (269ms)
			ExecutionOrderSort (0ms)
			DisableScriptedObjects (14ms)
			BackupInstance (0ms)
			ReleaseScriptingObjects (0ms)
			CreateAndSetChildDomain (98ms)
		EndReloadAssembly (1390ms)
			LoadAssemblies (211ms)
			RebuildTransferFunctionScriptingTraits (0ms)
			SetupTypeCache (340ms)
			ReleaseScriptCaches (1ms)
			RebuildScriptCaches (107ms)
			SetupLoadedEditorAssemblies (496ms)
				LogAssemblyErrors (0ms)
				InitializePlatformSupportModulesInManaged (11ms)
				SetLoadedEditorAssemblies (1ms)
				RefreshPlugins (1ms)
				BeforeProcessingInitializeOnLoad (109ms)
				ProcessInitializeOnLoadAttributes (357ms)
				ProcessInitializeOnLoadMethodAttributes (8ms)
				AfterProcessingInitializeOnLoad (10ms)
				EditorAssembliesLoaded (0ms)
			ExecutionOrderSort2 (0ms)
			AwakeInstancesAfterBackupRestoration (24ms)
Platform modules already initialized, skipping
Refreshing native plugins compatible for Editor in 0.84 ms, found 3 plugins.
Preloading 0 native plugins for Editor in 0.00 ms.
Unloading 2944 Unused Serialized files (Serialized files now loaded: 0)
System memory in use before: 127.4 MB.
System memory in use after: 127.6 MB.

Unloading 15 unused Assets to reduce memory usage. Loaded Objects now: 3512.
Total: 3.870700 ms (FindLiveObjects: 0.335900 ms CreateObjectMapping: 0.131800 ms MarkObjects: 3.357800 ms  DeleteObjects: 0.042700 ms)

AssetImportParameters requested are different than current active one (requested -> active):
  custom:framework-win-MediaFoundation: 216162199b28c13a410421893ffa2e32 -> 
  custom:video-decoder-ogg-theora: a1e56fd34408186e4bbccfd4996cb3dc -> 
  custom:container-muxer-webm: aa71ff27fc2769a1b78a27578f13a17b -> 
  custom:container-demuxer-webm: 4f35f7cbe854078d1ac9338744f61a02 -> 
  custom:container-demuxer-ogg: 62fdf1f143b41e24485cea50d1cbac27 -> 
  custom:video-encoder-webm-vp8: eb34c28f22e8b96e1ab97ce403110664 -> 
  custom:video-codec-MediaFoundation-h265: 746d11721c4dcdbdad8f713fa42b33f4 -> 
  custom:video-decoder-webm-vp8: 9c59270c3fd7afecdb556c50c9e8de78 -> 
  custom:audio-decoder-ogg-vorbis: bf7c407c2cedff20999df2af8eb42d56 -> 
  custom:audio-encoder-webm-vorbis: bf7c407c2cedff20999df2af8eb42d56 -> 
========================================================================
Received Prepare
Registering precompiled user dll's ...
Registered in 0.011554 seconds.
Begin MonoManager ReloadAssembly
Native extension for WindowsStandalone target not found
Native extension for WebGL target not found
Refreshing native plugins compatible for Editor in 1.29 ms, found 3 plugins.
Preloading 0 native plugins for Editor in 0.00 ms.
Mono: successfully reloaded assembly
- Completed reload, in  3.688 seconds
Domain Reload Profiling:
	ReloadAssembly (3690ms)
		BeginReloadAssembly (287ms)
			ExecutionOrderSort (0ms)
			DisableScriptedObjects (14ms)
			BackupInstance (0ms)
			ReleaseScriptingObjects (0ms)
			CreateAndSetChildDomain (86ms)
		EndReloadAssembly (3112ms)
			LoadAssemblies (320ms)
			RebuildTransferFunctionScriptingTraits (0ms)
			SetupTypeCache (1154ms)
			ReleaseScriptCaches (4ms)
			RebuildScriptCaches (149ms)
			SetupLoadedEditorAssemblies (1073ms)
				LogAssemblyErrors (0ms)
				InitializePlatformSupportModulesInManaged (17ms)
				SetLoadedEditorAssemblies (1ms)
				RefreshPlugins (1ms)
				BeforeProcessingInitializeOnLoad (287ms)
				ProcessInitializeOnLoadAttributes (724ms)
				ProcessInitializeOnLoadMethodAttributes (16ms)
				AfterProcessingInitializeOnLoad (26ms)
				EditorAssembliesLoaded (1ms)
			ExecutionOrderSort2 (0ms)
			AwakeInstancesAfterBackupRestoration (48ms)
Platform modules already initialized, skipping
Refreshing native plugins compatible for Editor in 0.68 ms, found 3 plugins.
Preloading 0 native plugins for Editor in 0.00 ms.
Unloading 2944 Unused Serialized files (Serialized files now loaded: 0)
System memory in use before: 127.4 MB.
System memory in use after: 127.6 MB.

Unloading 15 unused Assets to reduce memory usage. Loaded Objects now: 3515.
Total: 6.447700 ms (FindLiveObjects: 0.488300 ms CreateObjectMapping: 0.218100 ms MarkObjects: 5.646900 ms  DeleteObjects: 0.092400 ms)

AssetImportParameters requested are different than current active one (requested -> active):
  custom:framework-win-MediaFoundation: 216162199b28c13a410421893ffa2e32 -> 
  custom:video-decoder-ogg-theora: a1e56fd34408186e4bbccfd4996cb3dc -> 
  custom:container-muxer-webm: aa71ff27fc2769a1b78a27578f13a17b -> 
  custom:container-demuxer-webm: 4f35f7cbe854078d1ac9338744f61a02 -> 
  custom:container-demuxer-ogg: 62fdf1f143b41e24485cea50d1cbac27 -> 
  custom:video-encoder-webm-vp8: eb34c28f22e8b96e1ab97ce403110664 -> 
  custom:video-codec-MediaFoundation-h265: 746d11721c4dcdbdad8f713fa42b33f4 -> 
  custom:video-decoder-webm-vp8: 9c59270c3fd7afecdb556c50c9e8de78 -> 
  custom:audio-decoder-ogg-vorbis: bf7c407c2cedff20999df2af8eb42d56 -> 
  custom:audio-encoder-webm-vorbis: bf7c407c2cedff20999df2af8eb42d56 -> 
========================================================================
Received Prepare
Registering precompiled user dll's ...
Registered in 0.004901 seconds.
Begin MonoManager ReloadAssembly
Native extension for WindowsStandalone target not found
Native extension for WebGL target not found
Refreshing native plugins compatible for Editor in 1.67 ms, found 3 plugins.
Preloading 0 native plugins for Editor in 0.00 ms.
Mono: successfully reloaded assembly
- Completed reload, in  3.237 seconds
Domain Reload Profiling:
	ReloadAssembly (3237ms)
		BeginReloadAssembly (202ms)
			ExecutionOrderSort (0ms)
			DisableScriptedObjects (7ms)
			BackupInstance (0ms)
			ReleaseScriptingObjects (0ms)
			CreateAndSetChildDomain (57ms)
		EndReloadAssembly (2914ms)
			LoadAssemblies (163ms)
			RebuildTransferFunctionScriptingTraits (0ms)
			SetupTypeCache (848ms)
			ReleaseScriptCaches (4ms)
			RebuildScriptCaches (177ms)
			SetupLoadedEditorAssemblies (1296ms)
				LogAssemblyErrors (0ms)
				InitializePlatformSupportModulesInManaged (26ms)
				SetLoadedEditorAssemblies (2ms)
				RefreshPlugins (2ms)
				BeforeProcessingInitializeOnLoad (352ms)
				ProcessInitializeOnLoadAttributes (857ms)
				ProcessInitializeOnLoadMethodAttributes (23ms)
				AfterProcessingInitializeOnLoad (33ms)
				EditorAssembliesLoaded (1ms)
			ExecutionOrderSort2 (0ms)
			AwakeInstancesAfterBackupRestoration (59ms)
Platform modules already initialized, skipping
Refreshing native plugins compatible for Editor in 3.86 ms, found 3 plugins.
Preloading 0 native plugins for Editor in 0.00 ms.
Unloading 2944 Unused Serialized files (Serialized files now loaded: 0)
System memory in use before: 127.4 MB.
System memory in use after: 127.6 MB.

Unloading 15 unused Assets to reduce memory usage. Loaded Objects now: 3518.
Total: 16.810100 ms (FindLiveObjects: 1.246200 ms CreateObjectMapping: 0.729000 ms MarkObjects: 14.687000 ms  DeleteObjects: 0.143600 ms)

AssetImportParameters requested are different than current active one (requested -> active):
  custom:framework-win-MediaFoundation: 216162199b28c13a410421893ffa2e32 -> 
  custom:video-decoder-ogg-theora: a1e56fd34408186e4bbccfd4996cb3dc -> 
  custom:container-muxer-webm: aa71ff27fc2769a1b78a27578f13a17b -> 
  custom:container-demuxer-webm: 4f35f7cbe854078d1ac9338744f61a02 -> 
  custom:container-demuxer-ogg: 62fdf1f143b41e24485cea50d1cbac27 -> 
  custom:video-encoder-webm-vp8: eb34c28f22e8b96e1ab97ce403110664 -> 
  custom:video-codec-MediaFoundation-h265: 746d11721c4dcdbdad8f713fa42b33f4 -> 
  custom:video-decoder-webm-vp8: 9c59270c3fd7afecdb556c50c9e8de78 -> 
  custom:audio-decoder-ogg-vorbis: bf7c407c2cedff20999df2af8eb42d56 -> 
  custom:audio-encoder-webm-vorbis: bf7c407c2cedff20999df2af8eb42d56 -> 
========================================================================
Received Prepare
Registering precompiled user dll's ...
Registered in 0.019652 seconds.
Begin MonoManager ReloadAssembly
Native extension for WindowsStandalone target not found
Native extension for WebGL target not found
Refreshing native plugins compatible for Editor in 2.06 ms, found 3 plugins.
Preloading 0 native plugins for Editor in 0.00 ms.
Mono: successfully reloaded assembly
- Completed reload, in  4.375 seconds
Domain Reload Profiling:
	ReloadAssembly (4376ms)
		BeginReloadAssembly (410ms)
			ExecutionOrderSort (0ms)
			DisableScriptedObjects (10ms)
			BackupInstance (0ms)
			ReleaseScriptingObjects (0ms)
			CreateAndSetChildDomain (116ms)
		EndReloadAssembly (3699ms)
			LoadAssemblies (407ms)
			RebuildTransferFunctionScriptingTraits (0ms)
			SetupTypeCache (1362ms)
			ReleaseScriptCaches (5ms)
			RebuildScriptCaches (198ms)
			SetupLoadedEditorAssemblies (1301ms)
				LogAssemblyErrors (0ms)
				InitializePlatformSupportModulesInManaged (25ms)
				SetLoadedEditorAssemblies (2ms)
				RefreshPlugins (2ms)
				BeforeProcessingInitializeOnLoad (356ms)
				ProcessInitializeOnLoadAttributes (871ms)
				ProcessInitializeOnLoadMethodAttributes (16ms)
				AfterProcessingInitializeOnLoad (29ms)
				EditorAssembliesLoaded (1ms)
			ExecutionOrderSort2 (0ms)
			AwakeInstancesAfterBackupRestoration (39ms)
Platform modules already initialized, skipping
Refreshing native plugins compatible for Editor in 1.28 ms, found 3 plugins.
Preloading 0 native plugins for Editor in 0.00 ms.
Unloading 2944 Unused Serialized files (Serialized files now loaded: 0)
System memory in use before: 127.4 MB.
System memory in use after: 127.6 MB.

Unloading 15 unused Assets to reduce memory usage. Loaded Objects now: 3521.
Total: 13.124200 ms (FindLiveObjects: 0.570500 ms CreateObjectMapping: 0.617800 ms MarkObjects: 11.842000 ms  DeleteObjects: 0.089700 ms)

AssetImportParameters requested are different than current active one (requested -> active):
  custom:framework-win-MediaFoundation: 216162199b28c13a410421893ffa2e32 -> 
  custom:video-decoder-ogg-theora: a1e56fd34408186e4bbccfd4996cb3dc -> 
  custom:container-muxer-webm: aa71ff27fc2769a1b78a27578f13a17b -> 
  custom:container-demuxer-webm: 4f35f7cbe854078d1ac9338744f61a02 -> 
  custom:container-demuxer-ogg: 62fdf1f143b41e24485cea50d1cbac27 -> 
  custom:video-encoder-webm-vp8: eb34c28f22e8b96e1ab97ce403110664 -> 
  custom:video-codec-MediaFoundation-h265: 746d11721c4dcdbdad8f713fa42b33f4 -> 
  custom:video-decoder-webm-vp8: 9c59270c3fd7afecdb556c50c9e8de78 -> 
  custom:audio-decoder-ogg-vorbis: bf7c407c2cedff20999df2af8eb42d56 -> 
  custom:audio-encoder-webm-vorbis: bf7c407c2cedff20999df2af8eb42d56 -> 
========================================================================
Received Prepare
Registering precompiled user dll's ...
Registered in 0.012522 seconds.
Begin MonoManager ReloadAssembly
Native extension for WindowsStandalone target not found
Native extension for WebGL target not found
Refreshing native plugins compatible for Editor in 0.63 ms, found 3 plugins.
Preloading 0 native plugins for Editor in 0.00 ms.
Mono: successfully reloaded assembly
- Completed reload, in  1.456 seconds
Domain Reload Profiling:
	ReloadAssembly (1457ms)
		BeginReloadAssembly (189ms)
			ExecutionOrderSort (0ms)
			DisableScriptedObjects (7ms)
			BackupInstance (0ms)
			ReleaseScriptingObjects (0ms)
			CreateAndSetChildDomain (50ms)
		EndReloadAssembly (1198ms)
			LoadAssemblies (127ms)
			RebuildTransferFunctionScriptingTraits (0ms)
			SetupTypeCache (336ms)
			ReleaseScriptCaches (1ms)
			RebuildScriptCaches (62ms)
			SetupLoadedEditorAssemblies (533ms)
				LogAssemblyErrors (0ms)
				InitializePlatformSupportModulesInManaged (9ms)
				SetLoadedEditorAssemblies (1ms)
				RefreshPlugins (1ms)
				BeforeProcessingInitializeOnLoad (131ms)
				ProcessInitializeOnLoadAttributes (370ms)
				ProcessInitializeOnLoadMethodAttributes (7ms)
				AfterProcessingInitializeOnLoad (14ms)
				EditorAssembliesLoaded (0ms)
			ExecutionOrderSort2 (0ms)
			AwakeInstancesAfterBackupRestoration (17ms)
Platform modules already initialized, skipping
Refreshing native plugins compatible for Editor in 0.74 ms, found 3 plugins.
Preloading 0 native plugins for Editor in 0.00 ms.
Unloading 2944 Unused Serialized files (Serialized files now loaded: 0)
System memory in use before: 127.4 MB.
System memory in use after: 127.6 MB.

Unloading 15 unused Assets to reduce memory usage. Loaded Objects now: 3524.
Total: 6.841300 ms (FindLiveObjects: 0.489900 ms CreateObjectMapping: 0.291700 ms MarkObjects: 5.978700 ms  DeleteObjects: 0.077600 ms)

AssetImportParameters requested are different than current active one (requested -> active):
  custom:framework-win-MediaFoundation: 216162199b28c13a410421893ffa2e32 -> 
  custom:video-decoder-ogg-theora: a1e56fd34408186e4bbccfd4996cb3dc -> 
  custom:container-muxer-webm: aa71ff27fc2769a1b78a27578f13a17b -> 
  custom:container-demuxer-webm: 4f35f7cbe854078d1ac9338744f61a02 -> 
  custom:container-demuxer-ogg: 62fdf1f143b41e24485cea50d1cbac27 -> 
  custom:video-encoder-webm-vp8: eb34c28f22e8b96e1ab97ce403110664 -> 
  custom:video-codec-MediaFoundation-h265: 746d11721c4dcdbdad8f713fa42b33f4 -> 
  custom:video-decoder-webm-vp8: 9c59270c3fd7afecdb556c50c9e8de78 -> 
  custom:audio-decoder-ogg-vorbis: bf7c407c2cedff20999df2af8eb42d56 -> 
  custom:audio-encoder-webm-vorbis: bf7c407c2cedff20999df2af8eb42d56 -> 
========================================================================
Received Import Request.
  Time since last request: 343.526768 seconds.
  path: Assets/A-Source Code/Player Scripts/Equipment Scripts/Equipment Prefabs/PDW.prefab
  artifactKey: Guid(3f2220f3cffcc5243a00f335ba6919ca) Importer(815301076,1909f56bfc062723c751e8b465ee728b)
Start importing Assets/A-Source Code/Player Scripts/Equipment Scripts/Equipment Prefabs/PDW.prefab using Guid(3f2220f3cffcc5243a00f335ba6919ca) Importer(815301076,1909f56bfc062723c751e8b465ee728b)  -> (artifact id: '76f268519083fe8ca1da373fc49e8bab') in 0.629179 seconds 
  Import took 0.640261 seconds .

========================================================================
Received Prepare
Registering precompiled user dll's ...
Registered in 0.007218 seconds.
Begin MonoManager ReloadAssembly
Native extension for WindowsStandalone target not found
Native extension for WebGL target not found
Refreshing native plugins compatible for Editor in 0.94 ms, found 3 plugins.
Preloading 0 native plugins for Editor in 0.00 ms.
Mono: successfully reloaded assembly
- Completed reload, in  1.991 seconds
Domain Reload Profiling:
	ReloadAssembly (1992ms)
		BeginReloadAssembly (277ms)
			ExecutionOrderSort (0ms)
			DisableScriptedObjects (16ms)
			BackupInstance (0ms)
			ReleaseScriptingObjects (0ms)
			CreateAndSetChildDomain (80ms)
		EndReloadAssembly (1570ms)
			LoadAssemblies (172ms)
			RebuildTransferFunctionScriptingTraits (0ms)
			SetupTypeCache (481ms)
			ReleaseScriptCaches (4ms)
			RebuildScriptCaches (85ms)
			SetupLoadedEditorAssemblies (574ms)
				LogAssemblyErrors (0ms)
				InitializePlatformSupportModulesInManaged (10ms)
				SetLoadedEditorAssemblies (1ms)
				RefreshPlugins (1ms)
				BeforeProcessingInitializeOnLoad (169ms)
				ProcessInitializeOnLoadAttributes (372ms)
				ProcessInitializeOnLoadMethodAttributes (8ms)
				AfterProcessingInitializeOnLoad (13ms)
				EditorAssembliesLoaded (0ms)
			ExecutionOrderSort2 (0ms)
			AwakeInstancesAfterBackupRestoration (35ms)
Platform modules already initialized, skipping
Refreshing native plugins compatible for Editor in 1.27 ms, found 3 plugins.
Preloading 0 native plugins for Editor in 0.00 ms.
Unloading 2944 Unused Serialized files (Serialized files now loaded: 0)
System memory in use before: 132.6 MB.
System memory in use after: 132.8 MB.

Unloading 16 unused Assets to reduce memory usage. Loaded Objects now: 3572.
Total: 7.069700 ms (FindLiveObjects: 0.633600 ms CreateObjectMapping: 0.325200 ms MarkObjects: 6.045200 ms  DeleteObjects: 0.060200 ms)

AssetImportParameters requested are different than current active one (requested -> active):
  custom:framework-win-MediaFoundation: 216162199b28c13a410421893ffa2e32 -> 
  custom:video-decoder-ogg-theora: a1e56fd34408186e4bbccfd4996cb3dc -> 
  custom:container-muxer-webm: aa71ff27fc2769a1b78a27578f13a17b -> 
  custom:container-demuxer-webm: 4f35f7cbe854078d1ac9338744f61a02 -> 
  custom:container-demuxer-ogg: 62fdf1f143b41e24485cea50d1cbac27 -> 
  custom:video-encoder-webm-vp8: eb34c28f22e8b96e1ab97ce403110664 -> 
  custom:video-codec-MediaFoundation-h265: 746d11721c4dcdbdad8f713fa42b33f4 -> 
  custom:video-decoder-webm-vp8: 9c59270c3fd7afecdb556c50c9e8de78 -> 
  custom:audio-decoder-ogg-vorbis: bf7c407c2cedff20999df2af8eb42d56 -> 
  custom:audio-encoder-webm-vorbis: bf7c407c2cedff20999df2af8eb42d56 -> 
========================================================================
Received Prepare
Registering precompiled user dll's ...
Registered in 0.005250 seconds.
Begin MonoManager ReloadAssembly
Native extension for WindowsStandalone target not found
Native extension for WebGL target not found
Refreshing native plugins compatible for Editor in 1.21 ms, found 3 plugins.
Preloading 0 native plugins for Editor in 0.00 ms.
Mono: successfully reloaded assembly
- Completed reload, in  2.385 seconds
Domain Reload Profiling:
	ReloadAssembly (2390ms)
		BeginReloadAssembly (307ms)
			ExecutionOrderSort (0ms)
			DisableScriptedObjects (24ms)
			BackupInstance (0ms)
			ReleaseScriptingObjects (0ms)
			CreateAndSetChildDomain (118ms)
		EndReloadAssembly (1962ms)
			LoadAssemblies (201ms)
			RebuildTransferFunctionScriptingTraits (0ms)
			SetupTypeCache (579ms)
			ReleaseScriptCaches (3ms)
			RebuildScriptCaches (103ms)
			SetupLoadedEditorAssemblies (710ms)
				LogAssemblyErrors (0ms)
				InitializePlatformSupportModulesInManaged (21ms)
				SetLoadedEditorAssemblies (2ms)
				RefreshPlugins (1ms)
				BeforeProcessingInitializeOnLoad (206ms)
				ProcessInitializeOnLoadAttributes (460ms)
				ProcessInitializeOnLoadMethodAttributes (7ms)
				AfterProcessingInitializeOnLoad (12ms)
				EditorAssembliesLoaded (0ms)
			ExecutionOrderSort2 (0ms)
			AwakeInstancesAfterBackupRestoration (28ms)
Platform modules already initialized, skipping
Refreshing native plugins compatible for Editor in 0.69 ms, found 3 plugins.
Preloading 0 native plugins for Editor in 0.00 ms.
Unloading 2944 Unused Serialized files (Serialized files now loaded: 0)
System memory in use before: 132.6 MB.
System memory in use after: 132.8 MB.

Unloading 15 unused Assets to reduce memory usage. Loaded Objects now: 3575.
Total: 4.152000 ms (FindLiveObjects: 0.324700 ms CreateObjectMapping: 0.141300 ms MarkObjects: 3.649500 ms  DeleteObjects: 0.034000 ms)

AssetImportParameters requested are different than current active one (requested -> active):
  custom:framework-win-MediaFoundation: 216162199b28c13a410421893ffa2e32 -> 
  custom:video-decoder-ogg-theora: a1e56fd34408186e4bbccfd4996cb3dc -> 
  custom:container-muxer-webm: aa71ff27fc2769a1b78a27578f13a17b -> 
  custom:container-demuxer-webm: 4f35f7cbe854078d1ac9338744f61a02 -> 
  custom:container-demuxer-ogg: 62fdf1f143b41e24485cea50d1cbac27 -> 
  custom:video-encoder-webm-vp8: eb34c28f22e8b96e1ab97ce403110664 -> 
  custom:video-codec-MediaFoundation-h265: 746d11721c4dcdbdad8f713fa42b33f4 -> 
  custom:video-decoder-webm-vp8: 9c59270c3fd7afecdb556c50c9e8de78 -> 
  custom:audio-decoder-ogg-vorbis: bf7c407c2cedff20999df2af8eb42d56 -> 
  custom:audio-encoder-webm-vorbis: bf7c407c2cedff20999df2af8eb42d56 -> 
========================================================================
Received Import Request.
  Time since last request: 498.416684 seconds.
  path: Assets/B-Imported Assets/Environment Assets/Level Sprites/Bleak Room 1
  artifactKey: Guid(c87667e779fa1e547b29627a02f51ef6) Importer(815301076,1909f56bfc062723c751e8b465ee728b)
Start importing Assets/B-Imported Assets/Environment Assets/Level Sprites/Bleak Room 1 using Guid(c87667e779fa1e547b29627a02f51ef6) Importer(815301076,1909f56bfc062723c751e8b465ee728b)  -> (artifact id: '0837fa57b0b4ce41d47955a8ba70b2d4') in 0.017119 seconds 
  Import took 0.025526 seconds .

========================================================================
Received Import Request.
  Time since last request: 2.563972 seconds.
  path: Assets/B-Imported Assets/Environment Assets/Level Sprites/BloodPool1.png
  artifactKey: Guid(b5cbee5937e844c48902bebfe7781ba0) Importer(815301076,1909f56bfc062723c751e8b465ee728b)
Start importing Assets/B-Imported Assets/Environment Assets/Level Sprites/BloodPool1.png using Guid(b5cbee5937e844c48902bebfe7781ba0) Importer(815301076,1909f56bfc062723c751e8b465ee728b)  -> (artifact id: 'b42157eb75ff22381a482331901a2923') in 0.107344 seconds 
  Import took 0.112171 seconds .

========================================================================
Received Import Request.
  Time since last request: 10.720054 seconds.
  path: Assets/B-Imported Assets/Environment Assets/Level Sprites/Bleak Room 2
  artifactKey: Guid(b9fe33771226cb44cac787a19e5ebbb1) Importer(815301076,1909f56bfc062723c751e8b465ee728b)
Start importing Assets/B-Imported Assets/Environment Assets/Level Sprites/Bleak Room 2 using Guid(b9fe33771226cb44cac787a19e5ebbb1) Importer(815301076,1909f56bfc062723c751e8b465ee728b)  -> (artifact id: 'c34a5622e44100a9fc79de79cac85f0a') in 0.013667 seconds 
  Import took 0.022039 seconds .

========================================================================
Received Import Request.
  Time since last request: 23.152249 seconds.
  path: Assets/B-Imported Assets/Environment Assets/Level Sprites/Bleak Room 1/SprBloodPool1.png
  artifactKey: Guid(b5cbee5937e844c48902bebfe7781ba0) Importer(815301076,1909f56bfc062723c751e8b465ee728b)
Start importing Assets/B-Imported Assets/Environment Assets/Level Sprites/Bleak Room 1/SprBloodPool1.png using Guid(b5cbee5937e844c48902bebfe7781ba0) Importer(815301076,1909f56bfc062723c751e8b465ee728b)  -> (artifact id: '2b3788d5f79da35747f15955dbf4eb3d') in 0.027879 seconds 
  Import took 0.033537 seconds .

========================================================================
Received Import Request.
  Time since last request: 10.397317 seconds.
  path: Assets/B-Imported Assets/Environment Assets/Level Sprites/Bleak Room 1/Spr_BloodPool1.png
  artifactKey: Guid(b5cbee5937e844c48902bebfe7781ba0) Importer(815301076,1909f56bfc062723c751e8b465ee728b)
Start importing Assets/B-Imported Assets/Environment Assets/Level Sprites/Bleak Room 1/Spr_BloodPool1.png using Guid(b5cbee5937e844c48902bebfe7781ba0) Importer(815301076,1909f56bfc062723c751e8b465ee728b)  -> (artifact id: 'b13dcfcb85279a0720757966efb504e0') in 0.026302 seconds 
  Import took 0.033124 seconds .

========================================================================
Received Import Request.
  Time since last request: 4.079756 seconds.
  path: Assets/B-Imported Assets/Environment Assets/Level Sprites/Bleak Room 1/Spr_TatteredRug.png
  artifactKey: Guid(c8acdeaab3529c4498d60469314ccad6) Importer(815301076,1909f56bfc062723c751e8b465ee728b)
Start importing Assets/B-Imported Assets/Environment Assets/Level Sprites/Bleak Room 1/Spr_TatteredRug.png using Guid(c8acdeaab3529c4498d60469314ccad6) Importer(815301076,1909f56bfc062723c751e8b465ee728b)  -> (artifact id: '9acf358654b59a91914ff64e9016d495') in 0.026247 seconds 
  Import took 0.032480 seconds .

========================================================================
Received Import Request.
  Time since last request: 5.058655 seconds.
  path: Assets/B-Imported Assets/Environment Assets/Level Sprites/Bleak Room 1/Spr_Wardrobe.png
  artifactKey: Guid(fda9980a0c2e7954ba82eb93e26db6c0) Importer(815301076,1909f56bfc062723c751e8b465ee728b)
Start importing Assets/B-Imported Assets/Environment Assets/Level Sprites/Bleak Room 1/Spr_Wardrobe.png using Guid(fda9980a0c2e7954ba82eb93e26db6c0) Importer(815301076,1909f56bfc062723c751e8b465ee728b)  -> (artifact id: 'f489764422b84c84268eba69fb900522') in 0.028984 seconds 
  Import took 0.034538 seconds .

========================================================================
Received Import Request.
  Time since last request: 7.922004 seconds.
  path: Assets/B-Imported Assets/Environment Assets/Level Sprites/Bleak Room 1/WardrobeOpen.png
  artifactKey: Guid(d9f38e55255c7bf4ea9944d2a1ca5b69) Importer(815301076,1909f56bfc062723c751e8b465ee728b)
Start importing Assets/B-Imported Assets/Environment Assets/Level Sprites/Bleak Room 1/WardrobeOpen.png using Guid(d9f38e55255c7bf4ea9944d2a1ca5b69) Importer(815301076,1909f56bfc062723c751e8b465ee728b)  -> (artifact id: '30f53f3489bd58c03ac5111aa9237f9d') in 0.033118 seconds 
  Import took 0.038245 seconds .

========================================================================
Received Import Request.
  Time since last request: 3.711741 seconds.
  path: Assets/B-Imported Assets/Environment Assets/Level Sprites/Bleak Room 1/Shirt.png
  artifactKey: Guid(815368764d2f53e4b95cfddcc2effeea) Importer(815301076,1909f56bfc062723c751e8b465ee728b)
Start importing Assets/B-Imported Assets/Environment Assets/Level Sprites/Bleak Room 1/Shirt.png using Guid(815368764d2f53e4b95cfddcc2effeea) Importer(815301076,1909f56bfc062723c751e8b465ee728b)  -> (artifact id: 'ae36b1d0ea5ac10e1d6d7c6ef1ff51e4') in 0.027247 seconds 
  Import took 0.032940 seconds .

========================================================================
Received Import Request.
  Time since last request: 2.966319 seconds.
  path: Assets/B-Imported Assets/Environment Assets/Level Sprites/Bleak Room 1/Spr_Shirt.png
  artifactKey: Guid(815368764d2f53e4b95cfddcc2effeea) Importer(815301076,1909f56bfc062723c751e8b465ee728b)
Start importing Assets/B-Imported Assets/Environment Assets/Level Sprites/Bleak Room 1/Spr_Shirt.png using Guid(815368764d2f53e4b95cfddcc2effeea) Importer(815301076,1909f56bfc062723c751e8b465ee728b)  -> (artifact id: 'a57106982bd17a3bf3bd8d1cdcb6a501') in 0.031725 seconds 
  Import took 0.038529 seconds .

========================================================================
Received Import Request.
  Time since last request: 1.950474 seconds.
  path: Assets/B-Imported Assets/Environment Assets/Level Sprites/Bleak Room 1/BloodPool2.png
  artifactKey: Guid(b8a40c98a79e22542a05fb20313cf67d) Importer(815301076,1909f56bfc062723c751e8b465ee728b)
Start importing Assets/B-Imported Assets/Environment Assets/Level Sprites/Bleak Room 1/BloodPool2.png using Guid(b8a40c98a79e22542a05fb20313cf67d) Importer(815301076,1909f56bfc062723c751e8b465ee728b)  -> (artifact id: 'af1f4584032091555b46f12b1ae17201') in 0.026966 seconds 
  Import took 0.033177 seconds .

========================================================================
Received Import Request.
  Time since last request: 2.485627 seconds.
  path: Assets/B-Imported Assets/Environment Assets/Level Sprites/Bleak Room 1/Spr_BloodPool2.png
  artifactKey: Guid(b8a40c98a79e22542a05fb20313cf67d) Importer(815301076,1909f56bfc062723c751e8b465ee728b)
Start importing Assets/B-Imported Assets/Environment Assets/Level Sprites/Bleak Room 1/Spr_BloodPool2.png using Guid(b8a40c98a79e22542a05fb20313cf67d) Importer(815301076,1909f56bfc062723c751e8b465ee728b)  -> (artifact id: '6488aebd5d26d91d6438297d534664d2') in 0.028049 seconds 
  Import took 0.035888 seconds .

========================================================================
Received Import Request.
  Time since last request: 1.258920 seconds.
  path: Assets/B-Imported Assets/Environment Assets/Level Sprites/Bleak Room 1/BloodSplatCenter.png
  artifactKey: Guid(432cb536a9da67949b0e9360da39b0e9) Importer(815301076,1909f56bfc062723c751e8b465ee728b)
Start importing Assets/B-Imported Assets/Environment Assets/Level Sprites/Bleak Room 1/BloodSplatCenter.png using Guid(432cb536a9da67949b0e9360da39b0e9) Importer(815301076,1909f56bfc062723c751e8b465ee728b)  -> (artifact id: 'd9b77b25073835926c639f46b9d9fc0e') in 0.031502 seconds 
  Import took 0.038888 seconds .

========================================================================
Received Import Request.
  Time since last request: 2.666686 seconds.
  path: Assets/B-Imported Assets/Environment Assets/Level Sprites/Bleak Room 1/Spr_BloodSplatCenter.png
  artifactKey: Guid(432cb536a9da67949b0e9360da39b0e9) Importer(815301076,1909f56bfc062723c751e8b465ee728b)
Start importing Assets/B-Imported Assets/Environment Assets/Level Sprites/Bleak Room 1/Spr_BloodSplatCenter.png using Guid(432cb536a9da67949b0e9360da39b0e9) Importer(815301076,1909f56bfc062723c751e8b465ee728b)  -> (artifact id: '8f18b34d4bb68a50ae48b306996f2800') in 0.036487 seconds 
  Import took 0.052715 seconds .

========================================================================
Received Import Request.
  Time since last request: 3.693871 seconds.
  path: Assets/B-Imported Assets/Environment Assets/Level Sprites/Bleak Room 1/Spr_BodyPlaceholder.png
  artifactKey: Guid(4f50ef0885cfc5a46831535c72c47c07) Importer(815301076,1909f56bfc062723c751e8b465ee728b)
Start importing Assets/B-Imported Assets/Environment Assets/Level Sprites/Bleak Room 1/Spr_BodyPlaceholder.png using Guid(4f50ef0885cfc5a46831535c72c47c07) Importer(815301076,1909f56bfc062723c751e8b465ee728b)  -> (artifact id: '8c06db2aa50d65c74df0f577c834aaf2') in 0.031986 seconds 
  Import took 0.038303 seconds .

========================================================================
Received Import Request.
  Time since last request: 0.950962 seconds.
  path: Assets/B-Imported Assets/Environment Assets/Level Sprites/Bleak Room 1/DormDesk2.png
  artifactKey: Guid(04b4b7c0354249a4f86bdf82471b2b5b) Importer(815301076,1909f56bfc062723c751e8b465ee728b)
Start importing Assets/B-Imported Assets/Environment Assets/Level Sprites/Bleak Room 1/DormDesk2.png using Guid(04b4b7c0354249a4f86bdf82471b2b5b) Importer(815301076,1909f56bfc062723c751e8b465ee728b)  -> (artifact id: 'b9b9618fd278746981833aebf9ee3b90') in 0.028159 seconds 
  Import took 0.036404 seconds .

========================================================================
Received Import Request.
  Time since last request: 2.503721 seconds.
  path: Assets/B-Imported Assets/Environment Assets/Level Sprites/Bleak Room 1/Spr_DormDesk2.png
  artifactKey: Guid(04b4b7c0354249a4f86bdf82471b2b5b) Importer(815301076,1909f56bfc062723c751e8b465ee728b)
Start importing Assets/B-Imported Assets/Environment Assets/Level Sprites/Bleak Room 1/Spr_DormDesk2.png using Guid(04b4b7c0354249a4f86bdf82471b2b5b) Importer(815301076,1909f56bfc062723c751e8b465ee728b)  -> (artifact id: '94de7feef6cf669941779d1f71653cd6') in 0.028984 seconds 
  Import took 0.035331 seconds .

========================================================================
Received Import Request.
  Time since last request: 1.310132 seconds.
  path: Assets/B-Imported Assets/Environment Assets/Level Sprites/Bleak Room 1/InjuredSwat.png
  artifactKey: Guid(782e90d4ef4d11645964ef1204cc03a7) Importer(815301076,1909f56bfc062723c751e8b465ee728b)
Start importing Assets/B-Imported Assets/Environment Assets/Level Sprites/Bleak Room 1/InjuredSwat.png using Guid(782e90d4ef4d11645964ef1204cc03a7) Importer(815301076,1909f56bfc062723c751e8b465ee728b)  -> (artifact id: 'ef73b8f66005bfcc4a0beea8a02f5316') in 0.031739 seconds 
  Import took 0.037840 seconds .

========================================================================
Received Import Request.
  Time since last request: 2.369576 seconds.
  path: Assets/B-Imported Assets/Environment Assets/Level Sprites/Bleak Room 1/Spr_InjuredSwat.png
  artifactKey: Guid(782e90d4ef4d11645964ef1204cc03a7) Importer(815301076,1909f56bfc062723c751e8b465ee728b)
Start importing Assets/B-Imported Assets/Environment Assets/Level Sprites/Bleak Room 1/Spr_InjuredSwat.png using Guid(782e90d4ef4d11645964ef1204cc03a7) Importer(815301076,1909f56bfc062723c751e8b465ee728b)  -> (artifact id: '5c9c3aad21e0947f91f06cafa4451734') in 0.026282 seconds 
  Import took 0.034686 seconds .

========================================================================
Received Import Request.
  Time since last request: 3.682927 seconds.
  path: Assets/B-Imported Assets/Environment Assets/Level Sprites/Bleak Room 1/Spr_Hamper.png
  artifactKey: Guid(486f940dfe4636348a93f03a71c5b098) Importer(815301076,1909f56bfc062723c751e8b465ee728b)
Start importing Assets/B-Imported Assets/Environment Assets/Level Sprites/Bleak Room 1/Spr_Hamper.png using Guid(486f940dfe4636348a93f03a71c5b098) Importer(815301076,1909f56bfc062723c751e8b465ee728b)  -> (artifact id: '5bc09aa661646d249d7e3cf494fe6053') in 0.026363 seconds 
  Import took 0.033161 seconds .

========================================================================
Received Import Request.
  Time since last request: 3.529640 seconds.
  path: Assets/B-Imported Assets/Environment Assets/Level Sprites/Bleak Room 1/Spr_LightSwitch.png
  artifactKey: Guid(9f82eb0179a1f6c4487cbbefb7392934) Importer(815301076,1909f56bfc062723c751e8b465ee728b)
Start importing Assets/B-Imported Assets/Environment Assets/Level Sprites/Bleak Room 1/Spr_LightSwitch.png using Guid(9f82eb0179a1f6c4487cbbefb7392934) Importer(815301076,1909f56bfc062723c751e8b465ee728b)  -> (artifact id: 'e6a5034dbc4ce218d7e46782fced6a09') in 0.028476 seconds 
  Import took 0.034720 seconds .

========================================================================
Received Import Request.
  Time since last request: 1.024379 seconds.
  path: Assets/B-Imported Assets/Environment Assets/Level Sprites/Bleak Room 1/ScatteredBooks.png
  artifactKey: Guid(3be3c0a7a06e884419bcda31cc2af72e) Importer(815301076,1909f56bfc062723c751e8b465ee728b)
Start importing Assets/B-Imported Assets/Environment Assets/Level Sprites/Bleak Room 1/ScatteredBooks.png using Guid(3be3c0a7a06e884419bcda31cc2af72e) Importer(815301076,1909f56bfc062723c751e8b465ee728b)  -> (artifact id: 'df02ee92d4f33c69b3320ad9b1df501f') in 0.031309 seconds 
  Import took 0.038198 seconds .

========================================================================
Received Import Request.
  Time since last request: 2.629665 seconds.
  path: Assets/B-Imported Assets/Environment Assets/Level Sprites/Bleak Room 1/Spr_ScatteredBooks.png
  artifactKey: Guid(3be3c0a7a06e884419bcda31cc2af72e) Importer(815301076,1909f56bfc062723c751e8b465ee728b)
Start importing Assets/B-Imported Assets/Environment Assets/Level Sprites/Bleak Room 1/Spr_ScatteredBooks.png using Guid(3be3c0a7a06e884419bcda31cc2af72e) Importer(815301076,1909f56bfc062723c751e8b465ee728b)  -> (artifact id: '95bdc9594e406ce8cfed550a6b7b81f4') in 0.030497 seconds 
  Import took 0.038103 seconds .

========================================================================
Received Import Request.
  Time since last request: 3.657389 seconds.
  path: Assets/B-Imported Assets/Environment Assets/Level Sprites/Bleak Room 1/Spr_DormDesk1.png
  artifactKey: Guid(57ba3fb7638789f4dbce935e5dd87955) Importer(815301076,1909f56bfc062723c751e8b465ee728b)
Start importing Assets/B-Imported Assets/Environment Assets/Level Sprites/Bleak Room 1/Spr_DormDesk1.png using Guid(57ba3fb7638789f4dbce935e5dd87955) Importer(815301076,1909f56bfc062723c751e8b465ee728b)  -> (artifact id: '217ae16aaee6900f30815733442e43e5') in 0.028941 seconds 
  Import took 0.034916 seconds .

========================================================================
Received Import Request.
  Time since last request: 1.377325 seconds.
  path: Assets/B-Imported Assets/Environment Assets/Level Sprites/Bleak Room 1/BloodSplatAngle.png
  artifactKey: Guid(c9a97ac8dd72c7a458d92299f8541dba) Importer(815301076,1909f56bfc062723c751e8b465ee728b)
Start importing Assets/B-Imported Assets/Environment Assets/Level Sprites/Bleak Room 1/BloodSplatAngle.png using Guid(c9a97ac8dd72c7a458d92299f8541dba) Importer(815301076,1909f56bfc062723c751e8b465ee728b)  -> (artifact id: 'd4efe370097f449fe1df8212c3bf470a') in 0.027223 seconds 
  Import took 0.033986 seconds .

========================================================================
Received Import Request.
  Time since last request: 2.425005 seconds.
  path: Assets/B-Imported Assets/Environment Assets/Level Sprites/Bleak Room 1/Spr_BloodSplatAngle.png
  artifactKey: Guid(c9a97ac8dd72c7a458d92299f8541dba) Importer(815301076,1909f56bfc062723c751e8b465ee728b)
Start importing Assets/B-Imported Assets/Environment Assets/Level Sprites/Bleak Room 1/Spr_BloodSplatAngle.png using Guid(c9a97ac8dd72c7a458d92299f8541dba) Importer(815301076,1909f56bfc062723c751e8b465ee728b)  -> (artifact id: '0b59a5646cb5c331f0aa518347e82a2b') in 0.027375 seconds 
  Import took 0.032783 seconds .

========================================================================
Received Import Request.
  Time since last request: 1.101068 seconds.
  path: Assets/B-Imported Assets/Environment Assets/Level Sprites/Bleak Room 1/DormBed2.png
  artifactKey: Guid(acc7531349e572443ab2898ebea5a10b) Importer(815301076,1909f56bfc062723c751e8b465ee728b)
Start importing Assets/B-Imported Assets/Environment Assets/Level Sprites/Bleak Room 1/DormBed2.png using Guid(acc7531349e572443ab2898ebea5a10b) Importer(815301076,1909f56bfc062723c751e8b465ee728b)  -> (artifact id: '441398e62244cf527b19ff9ac3830e40') in 0.031721 seconds 
  Import took 0.037895 seconds .

========================================================================
Received Import Request.
  Time since last request: 2.700919 seconds.
  path: Assets/B-Imported Assets/Environment Assets/Level Sprites/Bleak Room 1/Spr_DormBed2.png
  artifactKey: Guid(acc7531349e572443ab2898ebea5a10b) Importer(815301076,1909f56bfc062723c751e8b465ee728b)
Start importing Assets/B-Imported Assets/Environment Assets/Level Sprites/Bleak Room 1/Spr_DormBed2.png using Guid(acc7531349e572443ab2898ebea5a10b) Importer(815301076,1909f56bfc062723c751e8b465ee728b)  -> (artifact id: '63dd122efce598e2ec6817478e766fda') in 0.025711 seconds 
  Import took 0.032643 seconds .

========================================================================
Received Import Request.
  Time since last request: 4.362044 seconds.
  path: Assets/B-Imported Assets/Environment Assets/Level Sprites/Bleak Room 1/Spr_Pants.png
  artifactKey: Guid(6d7befb214d2d094c81cab8d9e55548d) Importer(815301076,1909f56bfc062723c751e8b465ee728b)
Start importing Assets/B-Imported Assets/Environment Assets/Level Sprites/Bleak Room 1/Spr_Pants.png using Guid(6d7befb214d2d094c81cab8d9e55548d) Importer(815301076,1909f56bfc062723c751e8b465ee728b)  -> (artifact id: '8ea2f9ba8976ac6f6d76c704f14bc54c') in 0.032724 seconds 
  Import took 0.040996 seconds .

========================================================================
Received Import Request.
  Time since last request: 1.098459 seconds.
  path: Assets/B-Imported Assets/Environment Assets/Level Sprites/Bleak Room 1/DormBed1.png
  artifactKey: Guid(61f5145a45851b74586c882d916ecf68) Importer(815301076,1909f56bfc062723c751e8b465ee728b)
Start importing Assets/B-Imported Assets/Environment Assets/Level Sprites/Bleak Room 1/DormBed1.png using Guid(61f5145a45851b74586c882d916ecf68) Importer(815301076,1909f56bfc062723c751e8b465ee728b)  -> (artifact id: '59f1213c107980b87af047c79516b74f') in 0.063347 seconds 
  Import took 0.076022 seconds .

========================================================================
Received Import Request.
  Time since last request: 2.487640 seconds.
  path: Assets/B-Imported Assets/Environment Assets/Level Sprites/Bleak Room 1/Spr_DormBed1.png
  artifactKey: Guid(61f5145a45851b74586c882d916ecf68) Importer(815301076,1909f56bfc062723c751e8b465ee728b)
Start importing Assets/B-Imported Assets/Environment Assets/Level Sprites/Bleak Room 1/Spr_DormBed1.png using Guid(61f5145a45851b74586c882d916ecf68) Importer(815301076,1909f56bfc062723c751e8b465ee728b)  -> (artifact id: '5edfd4cc99e975e686c2d7f9afe01c16') in 0.027292 seconds 
  Import took 0.035472 seconds .

========================================================================
Received Import Request.
  Time since last request: 1.000602 seconds.
  path: Assets/B-Imported Assets/Environment Assets/Level Sprites/Bleak Room 1/BloodStreak.png
  artifactKey: Guid(2195202b4fe72fe449d958a6c9b97b8e) Importer(815301076,1909f56bfc062723c751e8b465ee728b)
Start importing Assets/B-Imported Assets/Environment Assets/Level Sprites/Bleak Room 1/BloodStreak.png using Guid(2195202b4fe72fe449d958a6c9b97b8e) Importer(815301076,1909f56bfc062723c751e8b465ee728b)  -> (artifact id: 'cfe7c2bb129d53919d2930d24c725120') in 0.025404 seconds 
  Import took 0.030975 seconds .

========================================================================
Received Import Request.
  Time since last request: 2.514981 seconds.
  path: Assets/B-Imported Assets/Environment Assets/Level Sprites/Bleak Room 1/Spr_BloodStreak.png
  artifactKey: Guid(2195202b4fe72fe449d958a6c9b97b8e) Importer(815301076,1909f56bfc062723c751e8b465ee728b)
Start importing Assets/B-Imported Assets/Environment Assets/Level Sprites/Bleak Room 1/Spr_BloodStreak.png using Guid(2195202b4fe72fe449d958a6c9b97b8e) Importer(815301076,1909f56bfc062723c751e8b465ee728b)  -> (artifact id: 'b7184a368b164b3e34d989b03338aece') in 0.019591 seconds 
  Import took 0.026508 seconds .

========================================================================
Received Import Request.
  Time since last request: 3.674396 seconds.
  path: Assets/B-Imported Assets/Environment Assets/Level Sprites/Bleak Room 1/Spr_FootLocker.png
  artifactKey: Guid(87e3420b4b7c05a44ae1810577a76796) Importer(815301076,1909f56bfc062723c751e8b465ee728b)
Start importing Assets/B-Imported Assets/Environment Assets/Level Sprites/Bleak Room 1/Spr_FootLocker.png using Guid(87e3420b4b7c05a44ae1810577a76796) Importer(815301076,1909f56bfc062723c751e8b465ee728b)  -> (artifact id: '23e43041c816e7e5409a45c6355f8587') in 0.026520 seconds 
  Import took 0.034455 seconds .

========================================================================
Received Import Request.
  Time since last request: 5.503706 seconds.
  path: Assets/B-Imported Assets/Environment Assets/Level Sprites/Bleak Room 1/Spr_WardrobeDoor.png
  artifactKey: Guid(34228543e442e00469e9ada3a29dae7b) Importer(815301076,1909f56bfc062723c751e8b465ee728b)
Start importing Assets/B-Imported Assets/Environment Assets/Level Sprites/Bleak Room 1/Spr_WardrobeDoor.png using Guid(34228543e442e00469e9ada3a29dae7b) Importer(815301076,1909f56bfc062723c751e8b465ee728b)  -> (artifact id: '2e36503e9904d59b36814e2a6e90aa59') in 0.027723 seconds 
  Import took 0.034571 seconds .

========================================================================
Received Import Request.
  Time since last request: 5.122693 seconds.
  path: Assets/B-Imported Assets/Environment Assets/Level Sprites/Bleak Room 2/SWATWOOD_ASSETS-23.png
  artifactKey: Guid(87fbdd0c093e29840b2cb28eadd02506) Importer(815301076,1909f56bfc062723c751e8b465ee728b)
Start importing Assets/B-Imported Assets/Environment Assets/Level Sprites/Bleak Room 2/SWATWOOD_ASSETS-23.png using Guid(87fbdd0c093e29840b2cb28eadd02506) Importer(815301076,1909f56bfc062723c751e8b465ee728b)  -> (artifact id: '350d681bed1d2a4729e3c3360a3fd6b7') in 0.022139 seconds 
  Import took 0.026887 seconds .

========================================================================
Received Import Request.
  Time since last request: 8.722271 seconds.
  path: Assets/B-Imported Assets/Environment Assets/Level Sprites/Bleak Room 2/Spr_ShatteredGlass.png
  artifactKey: Guid(87fbdd0c093e29840b2cb28eadd02506) Importer(815301076,1909f56bfc062723c751e8b465ee728b)
Start importing Assets/B-Imported Assets/Environment Assets/Level Sprites/Bleak Room 2/Spr_ShatteredGlass.png using Guid(87fbdd0c093e29840b2cb28eadd02506) Importer(815301076,1909f56bfc062723c751e8b465ee728b)  -> (artifact id: '8dff2afe871e8d7b70d315d463a5a119') in 0.021849 seconds 
  Import took 0.029130 seconds .

========================================================================
Received Import Request.
  Time since last request: 1.943572 seconds.
  path: Assets/B-Imported Assets/Environment Assets/Level Sprites/Bleak Room 2/SWATWOOD_ASSETS-24.png
  artifactKey: Guid(17271c4d975c13347b6af432bea2d2d7) Importer(815301076,1909f56bfc062723c751e8b465ee728b)
Start importing Assets/B-Imported Assets/Environment Assets/Level Sprites/Bleak Room 2/SWATWOOD_ASSETS-24.png using Guid(17271c4d975c13347b6af432bea2d2d7) Importer(815301076,1909f56bfc062723c751e8b465ee728b)  -> (artifact id: '0aa767306f62e4d56acfcc51f05a6ca3') in 0.020729 seconds 
  Import took 0.027974 seconds .

========================================================================
Received Import Request.
  Time since last request: 15.675013 seconds.
  path: Assets/B-Imported Assets/Environment Assets/Level Sprites/Bleak Room 2/Spr_RolledOverTrashCan.png
  artifactKey: Guid(17271c4d975c13347b6af432bea2d2d7) Importer(815301076,1909f56bfc062723c751e8b465ee728b)
Start importing Assets/B-Imported Assets/Environment Assets/Level Sprites/Bleak Room 2/Spr_RolledOverTrashCan.png using Guid(17271c4d975c13347b6af432bea2d2d7) Importer(815301076,1909f56bfc062723c751e8b465ee728b)  -> (artifact id: 'ebaec5e9ff4f3725b6f278de07d4daef') in 0.023934 seconds 
  Import took 0.030344 seconds .

========================================================================
Received Import Request.
  Time since last request: 1.675356 seconds.
  path: Assets/B-Imported Assets/Environment Assets/Level Sprites/Bleak Room 2/SWATWOOD_ASSETS-25.png
  artifactKey: Guid(9329c650b37b4dc43b16840cbd085b66) Importer(815301076,1909f56bfc062723c751e8b465ee728b)
Start importing Assets/B-Imported Assets/Environment Assets/Level Sprites/Bleak Room 2/SWATWOOD_ASSETS-25.png using Guid(9329c650b37b4dc43b16840cbd085b66) Importer(815301076,1909f56bfc062723c751e8b465ee728b)  -> (artifact id: '8ea7cfc42d34e1524b84bba6e61bac80') in 0.026664 seconds 
  Import took 0.032696 seconds .

========================================================================
Received Import Request.
  Time since last request: 5.851396 seconds.
  path: Assets/B-Imported Assets/Environment Assets/Level Sprites/Bleak Room 2/Spr_Roots1.png
  artifactKey: Guid(9329c650b37b4dc43b16840cbd085b66) Importer(815301076,1909f56bfc062723c751e8b465ee728b)
Start importing Assets/B-Imported Assets/Environment Assets/Level Sprites/Bleak Room 2/Spr_Roots1.png using Guid(9329c650b37b4dc43b16840cbd085b66) Importer(815301076,1909f56bfc062723c751e8b465ee728b)  -> (artifact id: 'ff281b7b27498b10ba643bfc21e9b2fa') in 0.021068 seconds 
  Import took 0.030814 seconds .

========================================================================
Received Import Request.
  Time since last request: 1.316279 seconds.
  path: Assets/B-Imported Assets/Environment Assets/Level Sprites/Bleak Room 2/SWATWOOD_ASSETS-27.png
  artifactKey: Guid(27bba1e67eb6da640b0a65272f1f2364) Importer(815301076,1909f56bfc062723c751e8b465ee728b)
Start importing Assets/B-Imported Assets/Environment Assets/Level Sprites/Bleak Room 2/SWATWOOD_ASSETS-27.png using Guid(27bba1e67eb6da640b0a65272f1f2364) Importer(815301076,1909f56bfc062723c751e8b465ee728b)  -> (artifact id: '94f37e5b0e270e90caed037240433993') in 0.022403 seconds 
  Import took 0.030879 seconds .

========================================================================
Received Import Request.
  Time since last request: 8.951957 seconds.
  path: Assets/B-Imported Assets/Environment Assets/Level Sprites/Bleak Room 2/Spr_Roots2.png
  artifactKey: Guid(27bba1e67eb6da640b0a65272f1f2364) Importer(815301076,1909f56bfc062723c751e8b465ee728b)
Start importing Assets/B-Imported Assets/Environment Assets/Level Sprites/Bleak Room 2/Spr_Roots2.png using Guid(27bba1e67eb6da640b0a65272f1f2364) Importer(815301076,1909f56bfc062723c751e8b465ee728b)  -> (artifact id: '0ce4a09ce57880b7630718376181378e') in 0.021067 seconds 
  Import took 0.027998 seconds .

========================================================================
Received Import Request.
  Time since last request: 1.331912 seconds.
  path: Assets/B-Imported Assets/Environment Assets/Level Sprites/Bleak Room 2/SWATWOOD_ASSETS-26.png
  artifactKey: Guid(88bb953e2f5e8204ebb6dbdac7c2b02c) Importer(815301076,1909f56bfc062723c751e8b465ee728b)
Start importing Assets/B-Imported Assets/Environment Assets/Level Sprites/Bleak Room 2/SWATWOOD_ASSETS-26.png using Guid(88bb953e2f5e8204ebb6dbdac7c2b02c) Importer(815301076,1909f56bfc062723c751e8b465ee728b)  -> (artifact id: 'd97e54d092b01c64b3cd76c31cfd8d9b') in 0.057293 seconds 
  Import took 0.069417 seconds .

========================================================================
Received Import Request.
  Time since last request: 12.718548 seconds.
  path: Assets/B-Imported Assets/Environment Assets/Level Sprites/Bleak Room 2/Spr_MetalGrate.png
  artifactKey: Guid(88bb953e2f5e8204ebb6dbdac7c2b02c) Importer(815301076,1909f56bfc062723c751e8b465ee728b)
Start importing Assets/B-Imported Assets/Environment Assets/Level Sprites/Bleak Room 2/Spr_MetalGrate.png using Guid(88bb953e2f5e8204ebb6dbdac7c2b02c) Importer(815301076,1909f56bfc062723c751e8b465ee728b)  -> (artifact id: '9bf13e95c407dcbd7715d358dcb8560a') in 0.021375 seconds 
  Import took 0.028787 seconds .

========================================================================
Received Import Request.
  Time since last request: 7.275807 seconds.
  path: Assets/B-Imported Assets/Environment Assets/Level Sprites/Bleak Room 2/Spr_Roots2.png
  artifactKey: Guid(27bba1e67eb6da640b0a65272f1f2364) Importer(815301076,1909f56bfc062723c751e8b465ee728b)
Start importing Assets/B-Imported Assets/Environment Assets/Level Sprites/Bleak Room 2/Spr_Roots2.png using Guid(27bba1e67eb6da640b0a65272f1f2364) Importer(815301076,1909f56bfc062723c751e8b465ee728b)  -> (artifact id: '705ad9022be32373b58fe8005dab1f3c') in 0.028188 seconds 
  Import took 0.035343 seconds .

========================================================================
Received Import Request.
  Time since last request: 4.791883 seconds.
  path: Assets/B-Imported Assets/Environment Assets/Level Sprites/Bleak Room 2/Spr_Roots2.png
  artifactKey: Guid(27bba1e67eb6da640b0a65272f1f2364) Importer(815301076,1909f56bfc062723c751e8b465ee728b)
Start importing Assets/B-Imported Assets/Environment Assets/Level Sprites/Bleak Room 2/Spr_Roots2.png using Guid(27bba1e67eb6da640b0a65272f1f2364) Importer(815301076,1909f56bfc062723c751e8b465ee728b)  -> (artifact id: 'b363888e17c557e579029d014f7d5423') in 0.027337 seconds 
  Import took 0.034839 seconds .

========================================================================
Received Import Request.
  Time since last request: 128.094567 seconds.
  path: Assets/B-Imported Assets/Environment Assets/Level Sprites/Bleak Room 2/Spr_MetalGrate.png
  artifactKey: Guid(88bb953e2f5e8204ebb6dbdac7c2b02c) Importer(815301076,1909f56bfc062723c751e8b465ee728b)
Start importing Assets/B-Imported Assets/Environment Assets/Level Sprites/Bleak Room 2/Spr_MetalGrate.png using Guid(88bb953e2f5e8204ebb6dbdac7c2b02c) Importer(815301076,1909f56bfc062723c751e8b465ee728b)  -> (artifact id: '2d89222a50e3eb0e9824691ae3c92a05') in 0.027417 seconds 
  Import took 0.034046 seconds .

========================================================================
Received Import Request.
  Time since last request: 6.789561 seconds.
  path: Assets/B-Imported Assets/Environment Assets/Level Sprites/Bleak Room 2/Spr_MetalCrate.png
  artifactKey: Guid(88bb953e2f5e8204ebb6dbdac7c2b02c) Importer(815301076,1909f56bfc062723c751e8b465ee728b)
Start importing Assets/B-Imported Assets/Environment Assets/Level Sprites/Bleak Room 2/Spr_MetalCrate.png using Guid(88bb953e2f5e8204ebb6dbdac7c2b02c) Importer(815301076,1909f56bfc062723c751e8b465ee728b)  -> (artifact id: 'c76ee944a3ee2af6a6f5cb6c1d9f8c5a') in 0.030289 seconds 
  Import took 0.039635 seconds .

========================================================================
Received Import Request.
  Time since last request: 17.561127 seconds.
  path: Assets/B-Imported Assets/Environment Assets/Level Sprites/Bleak Room 2/Spr_RolledOverTrashCan.png
  artifactKey: Guid(17271c4d975c13347b6af432bea2d2d7) Importer(815301076,1909f56bfc062723c751e8b465ee728b)
Start importing Assets/B-Imported Assets/Environment Assets/Level Sprites/Bleak Room 2/Spr_RolledOverTrashCan.png using Guid(17271c4d975c13347b6af432bea2d2d7) Importer(815301076,1909f56bfc062723c751e8b465ee728b)  -> (artifact id: 'd6d6da0eb1548e68d6f676ed76ffd891') in 0.030810 seconds 
  Import took 0.036892 seconds .

========================================================================
Received Import Request.
  Time since last request: 2.612985 seconds.
  path: Assets/B-Imported Assets/Environment Assets/Level Sprites/Bleak Room 2/Spr_ShatteredGlass.png
  artifactKey: Guid(87fbdd0c093e29840b2cb28eadd02506) Importer(815301076,1909f56bfc062723c751e8b465ee728b)
Start importing Assets/B-Imported Assets/Environment Assets/Level Sprites/Bleak Room 2/Spr_ShatteredGlass.png using Guid(87fbdd0c093e29840b2cb28eadd02506) Importer(815301076,1909f56bfc062723c751e8b465ee728b)  -> (artifact id: '06988e04d23e540771a0493884655ea4') in 0.027939 seconds 
  Import took 0.034684 seconds .

========================================================================
Received Import Request.
  Time since last request: 4.454767 seconds.
  path: Assets/B-Imported Assets/Environment Assets/Level Sprites/Bleak Room 2/Spr_ShatteredGlass.png
  artifactKey: Guid(87fbdd0c093e29840b2cb28eadd02506) Importer(815301076,1909f56bfc062723c751e8b465ee728b)
Start importing Assets/B-Imported Assets/Environment Assets/Level Sprites/Bleak Room 2/Spr_ShatteredGlass.png using Guid(87fbdd0c093e29840b2cb28eadd02506) Importer(815301076,1909f56bfc062723c751e8b465ee728b)  -> (artifact id: 'a83477c5aa6638117a3beb09f5482e53') in 0.027121 seconds 
  Import took 0.034998 seconds .

========================================================================
Received Import Request.
  Time since last request: 9.248661 seconds.
  path: Assets/B-Imported Assets/Environment Assets/Level Sprites/Bleak Room 2/Spr_ShatteredGlass.png
  artifactKey: Guid(87fbdd0c093e29840b2cb28eadd02506) Importer(815301076,1909f56bfc062723c751e8b465ee728b)
Start importing Assets/B-Imported Assets/Environment Assets/Level Sprites/Bleak Room 2/Spr_ShatteredGlass.png using Guid(87fbdd0c093e29840b2cb28eadd02506) Importer(815301076,1909f56bfc062723c751e8b465ee728b)  -> (artifact id: '5710053a5a8e6439a4d11d3491825640') in 0.028365 seconds 
  Import took 0.036739 seconds .

========================================================================
Received Import Request.
  Time since last request: 84.664207 seconds.
  path: Assets/B-Imported Assets/Environment Assets/Level Sprites/Bleak Hall 1
  artifactKey: Guid(b9fe33771226cb44cac787a19e5ebbb1) Importer(815301076,1909f56bfc062723c751e8b465ee728b)
Start importing Assets/B-Imported Assets/Environment Assets/Level Sprites/Bleak Hall 1 using Guid(b9fe33771226cb44cac787a19e5ebbb1) Importer(815301076,1909f56bfc062723c751e8b465ee728b)  -> (artifact id: '2260f045ba81eaa961e4b8b79200ba21') in 0.011217 seconds 
  Import took 0.018326 seconds .

========================================================================
Received Prepare
Registering precompiled user dll's ...
Registered in 0.004579 seconds.
Begin MonoManager ReloadAssembly
Native extension for WindowsStandalone target not found
Native extension for WebGL target not found
Refreshing native plugins compatible for Editor in 0.56 ms, found 3 plugins.
Preloading 0 native plugins for Editor in 0.00 ms.
Mono: successfully reloaded assembly
- Completed reload, in  1.095 seconds
Domain Reload Profiling:
	ReloadAssembly (1095ms)
		BeginReloadAssembly (121ms)
			ExecutionOrderSort (0ms)
			DisableScriptedObjects (4ms)
			BackupInstance (0ms)
			ReleaseScriptingObjects (0ms)
			CreateAndSetChildDomain (35ms)
		EndReloadAssembly (913ms)
			LoadAssemblies (92ms)
			RebuildTransferFunctionScriptingTraits (0ms)
			SetupTypeCache (295ms)
			ReleaseScriptCaches (1ms)
			RebuildScriptCaches (50ms)
			SetupLoadedEditorAssemblies (329ms)
				LogAssemblyErrors (0ms)
				InitializePlatformSupportModulesInManaged (5ms)
				SetLoadedEditorAssemblies (0ms)
				RefreshPlugins (1ms)
				BeforeProcessingInitializeOnLoad (93ms)
				ProcessInitializeOnLoadAttributes (217ms)
				ProcessInitializeOnLoadMethodAttributes (5ms)
				AfterProcessingInitializeOnLoad (7ms)
				EditorAssembliesLoaded (0ms)
			ExecutionOrderSort2 (0ms)
			AwakeInstancesAfterBackupRestoration (19ms)
Platform modules already initialized, skipping
Refreshing native plugins compatible for Editor in 0.68 ms, found 3 plugins.
Preloading 0 native plugins for Editor in 0.00 ms.
Unloading 2944 Unused Serialized files (Serialized files now loaded: 0)
System memory in use before: 132.6 MB.
System memory in use after: 132.8 MB.

Unloading 15 unused Assets to reduce memory usage. Loaded Objects now: 3585.
Total: 4.305700 ms (FindLiveObjects: 0.312900 ms CreateObjectMapping: 0.123900 ms MarkObjects: 3.831900 ms  DeleteObjects: 0.034500 ms)

AssetImportParameters requested are different than current active one (requested -> active):
  custom:framework-win-MediaFoundation: 216162199b28c13a410421893ffa2e32 -> 
  custom:video-decoder-ogg-theora: a1e56fd34408186e4bbccfd4996cb3dc -> 
  custom:container-muxer-webm: aa71ff27fc2769a1b78a27578f13a17b -> 
  custom:container-demuxer-webm: 4f35f7cbe854078d1ac9338744f61a02 -> 
  custom:container-demuxer-ogg: 62fdf1f143b41e24485cea50d1cbac27 -> 
  custom:video-encoder-webm-vp8: eb34c28f22e8b96e1ab97ce403110664 -> 
  custom:video-codec-MediaFoundation-h265: 746d11721c4dcdbdad8f713fa42b33f4 -> 
  custom:video-decoder-webm-vp8: 9c59270c3fd7afecdb556c50c9e8de78 -> 
  custom:audio-decoder-ogg-vorbis: bf7c407c2cedff20999df2af8eb42d56 -> 
  custom:audio-encoder-webm-vorbis: bf7c407c2cedff20999df2af8eb42d56 -> 
AssetImportWorkerClient::OnTransportError - code=2 error=End of file
